2023-02-26 19:52:11,218 printing the serise
0     9
1     8
2     7
3     6
4     5
5     4
6     3
7    21
8     0
9     2
dtype: int64
2023-02-26 19:52:11,265 Printing The DataFrame
     Name  Age  Gender
0   Alice   25  Female
1     Bob   30    Male
2  Claire   27  Female
2023-02-26 19:52:11,406 Printing Example of the DataFrame and Series
      Name  Age  GPA
0    Alice   20  3.5
1      Bob   19  3.2
2  Charlie   21  3.8
3     Dave   18  3.4
4    Emily   20  3.6 

0      Alice
1        Bob
2    Charlie
3       Dave
4      Emily
Name: Name, dtype: object
2023-02-26 19:52:11,422 Printing Example of the DataFrame function=>19.6
2023-02-26 19:52:11,437 In pandas, both Series and DataFrame are mutable objects
2023-02-26 19:52:11,485 Printing Example of the DataFrame created from Series
      Name  Age  Salary
0    Alice   25   50000
1      Bob   30   60000
2  Charlie   35   70000
